The system is: Darwin - 16.3.0 - x86_64
Compiling the C compiler identification source file "CMakeCCompilerId.c" succeeded.
Compiler: /Applications/Xcode.app/Contents/Developer/Toolchains/XcodeDefault.xctoolchain/usr/bin/cc 
Build flags: 
Id flags: 

The output was:
0


Compilation of the C compiler identification source "CMakeCCompilerId.c" produced "a.out"

The C compiler identification is AppleClang, found in "/Users/bjoern/Documents/Oxford/Analysis/ks-cpv-in-ggsz-analyses/amplitude_calculations/HepMC-2.06.08/build_tmp/CMakeFiles/3.7.1/CompilerIdC/a.out"

Compiling the CXX compiler identification source file "CMakeCXXCompilerId.cpp" succeeded.
Compiler: /Applications/Xcode.app/Contents/Developer/Toolchains/XcodeDefault.xctoolchain/usr/bin/c++ 
Build flags: 
Id flags: 

The output was:
0


Compilation of the CXX compiler identification source "CMakeCXXCompilerId.cpp" produced "a.out"

The CXX compiler identification is AppleClang, found in "/Users/bjoern/Documents/Oxford/Analysis/ks-cpv-in-ggsz-analyses/amplitude_calculations/HepMC-2.06.08/build_tmp/CMakeFiles/3.7.1/CompilerIdCXX/a.out"

Determining if the C compiler works passed with the following output:
Change Dir: /Users/bjoern/Documents/Oxford/Analysis/ks-cpv-in-ggsz-analyses/amplitude_calculations/HepMC-2.06.08/build_tmp/CMakeFiles/CMakeTmp

Run Build Command:"/opt/local/bin/gmake" "cmTC_676d4/fast"
/opt/local/bin/gmake -f CMakeFiles/cmTC_676d4.dir/build.make CMakeFiles/cmTC_676d4.dir/build
gmake[1]: Entering directory '/Users/bjoern/Documents/Oxford/Analysis/ks-cpv-in-ggsz-analyses/amplitude_calculations/HepMC-2.06.08/build_tmp/CMakeFiles/CMakeTmp'
Building C object CMakeFiles/cmTC_676d4.dir/testCCompiler.c.o
/Applications/Xcode.app/Contents/Developer/Toolchains/XcodeDefault.xctoolchain/usr/bin/cc     -o CMakeFiles/cmTC_676d4.dir/testCCompiler.c.o   -c /Users/bjoern/Documents/Oxford/Analysis/ks-cpv-in-ggsz-analyses/amplitude_calculations/HepMC-2.06.08/build_tmp/CMakeFiles/CMakeTmp/testCCompiler.c
Linking C executable cmTC_676d4
/opt/local/bin/cmake -E cmake_link_script CMakeFiles/cmTC_676d4.dir/link.txt --verbose=1
/Applications/Xcode.app/Contents/Developer/Toolchains/XcodeDefault.xctoolchain/usr/bin/cc    -Wl,-search_paths_first -Wl,-headerpad_max_install_names   CMakeFiles/cmTC_676d4.dir/testCCompiler.c.o  -o cmTC_676d4  
gmake[1]: Leaving directory '/Users/bjoern/Documents/Oxford/Analysis/ks-cpv-in-ggsz-analyses/amplitude_calculations/HepMC-2.06.08/build_tmp/CMakeFiles/CMakeTmp'


Detecting C compiler ABI info compiled with the following output:
Change Dir: /Users/bjoern/Documents/Oxford/Analysis/ks-cpv-in-ggsz-analyses/amplitude_calculations/HepMC-2.06.08/build_tmp/CMakeFiles/CMakeTmp

Run Build Command:"/opt/local/bin/gmake" "cmTC_4987e/fast"
/opt/local/bin/gmake -f CMakeFiles/cmTC_4987e.dir/build.make CMakeFiles/cmTC_4987e.dir/build
gmake[1]: Entering directory '/Users/bjoern/Documents/Oxford/Analysis/ks-cpv-in-ggsz-analyses/amplitude_calculations/HepMC-2.06.08/build_tmp/CMakeFiles/CMakeTmp'
Building C object CMakeFiles/cmTC_4987e.dir/CMakeCCompilerABI.c.o
/Applications/Xcode.app/Contents/Developer/Toolchains/XcodeDefault.xctoolchain/usr/bin/cc     -o CMakeFiles/cmTC_4987e.dir/CMakeCCompilerABI.c.o   -c /opt/local/share/cmake-3.7/Modules/CMakeCCompilerABI.c
Linking C executable cmTC_4987e
/opt/local/bin/cmake -E cmake_link_script CMakeFiles/cmTC_4987e.dir/link.txt --verbose=1
/Applications/Xcode.app/Contents/Developer/Toolchains/XcodeDefault.xctoolchain/usr/bin/cc    -Wl,-search_paths_first -Wl,-headerpad_max_install_names  -v -Wl,-v CMakeFiles/cmTC_4987e.dir/CMakeCCompilerABI.c.o  -o cmTC_4987e   
Apple LLVM version 8.0.0 (clang-800.0.38)
Target: x86_64-apple-darwin16.3.0
Thread model: posix
InstalledDir: /Applications/Xcode.app/Contents/Developer/Toolchains/XcodeDefault.xctoolchain/usr/bin
 "/Applications/Xcode.app/Contents/Developer/Toolchains/XcodeDefault.xctoolchain/usr/bin/ld" -demangle -dynamic -arch x86_64 -macosx_version_min 10.12.0 -o cmTC_4987e -search_paths_first -headerpad_max_install_names -v CMakeFiles/cmTC_4987e.dir/CMakeCCompilerABI.c.o -lSystem /Applications/Xcode.app/Contents/Developer/Toolchains/XcodeDefault.xctoolchain/usr/bin/../lib/clang/8.0.0/lib/darwin/libclang_rt.osx.a
@(#)PROGRAM:ld  PROJECT:ld64-274.1
configured to support archs: armv6 armv7 armv7s arm64 i386 x86_64 x86_64h armv6m armv7k armv7m armv7em (tvOS)
Library search paths:
	/usr/lib
	/usr/local/lib
Framework search paths:
	/Library/Frameworks/
	/System/Library/Frameworks/
gmake[1]: Leaving directory '/Users/bjoern/Documents/Oxford/Analysis/ks-cpv-in-ggsz-analyses/amplitude_calculations/HepMC-2.06.08/build_tmp/CMakeFiles/CMakeTmp'


Parsed C implicit link information from above output:
  link line regex: [^( *|.*[/\])(ld|([^/\]+-)?ld|collect2)[^/\]*( |$)]
  ignore line: [Change Dir: /Users/bjoern/Documents/Oxford/Analysis/ks-cpv-in-ggsz-analyses/amplitude_calculations/HepMC-2.06.08/build_tmp/CMakeFiles/CMakeTmp]
  ignore line: []
  ignore line: [Run Build Command:"/opt/local/bin/gmake" "cmTC_4987e/fast"]
  ignore line: [/opt/local/bin/gmake -f CMakeFiles/cmTC_4987e.dir/build.make CMakeFiles/cmTC_4987e.dir/build]
  ignore line: [gmake[1]: Entering directory '/Users/bjoern/Documents/Oxford/Analysis/ks-cpv-in-ggsz-analyses/amplitude_calculations/HepMC-2.06.08/build_tmp/CMakeFiles/CMakeTmp']
  ignore line: [Building C object CMakeFiles/cmTC_4987e.dir/CMakeCCompilerABI.c.o]
  ignore line: [/Applications/Xcode.app/Contents/Developer/Toolchains/XcodeDefault.xctoolchain/usr/bin/cc     -o CMakeFiles/cmTC_4987e.dir/CMakeCCompilerABI.c.o   -c /opt/local/share/cmake-3.7/Modules/CMakeCCompilerABI.c]
  ignore line: [Linking C executable cmTC_4987e]
  ignore line: [/opt/local/bin/cmake -E cmake_link_script CMakeFiles/cmTC_4987e.dir/link.txt --verbose=1]
  ignore line: [/Applications/Xcode.app/Contents/Developer/Toolchains/XcodeDefault.xctoolchain/usr/bin/cc    -Wl,-search_paths_first -Wl,-headerpad_max_install_names  -v -Wl,-v CMakeFiles/cmTC_4987e.dir/CMakeCCompilerABI.c.o  -o cmTC_4987e   ]
  ignore line: [Apple LLVM version 8.0.0 (clang-800.0.38)]
  ignore line: [Target: x86_64-apple-darwin16.3.0]
  ignore line: [Thread model: posix]
  ignore line: [InstalledDir: /Applications/Xcode.app/Contents/Developer/Toolchains/XcodeDefault.xctoolchain/usr/bin]
  link line: [ "/Applications/Xcode.app/Contents/Developer/Toolchains/XcodeDefault.xctoolchain/usr/bin/ld" -demangle -dynamic -arch x86_64 -macosx_version_min 10.12.0 -o cmTC_4987e -search_paths_first -headerpad_max_install_names -v CMakeFiles/cmTC_4987e.dir/CMakeCCompilerABI.c.o -lSystem /Applications/Xcode.app/Contents/Developer/Toolchains/XcodeDefault.xctoolchain/usr/bin/../lib/clang/8.0.0/lib/darwin/libclang_rt.osx.a]
    arg [/Applications/Xcode.app/Contents/Developer/Toolchains/XcodeDefault.xctoolchain/usr/bin/ld] ==> ignore
    arg [-demangle] ==> ignore
    arg [-dynamic] ==> ignore
    arg [-arch] ==> ignore
    arg [x86_64] ==> ignore
    arg [-macosx_version_min] ==> ignore
    arg [10.12.0] ==> ignore
    arg [-o] ==> ignore
    arg [cmTC_4987e] ==> ignore
    arg [-search_paths_first] ==> ignore
    arg [-headerpad_max_install_names] ==> ignore
    arg [-v] ==> ignore
    arg [CMakeFiles/cmTC_4987e.dir/CMakeCCompilerABI.c.o] ==> ignore
    arg [-lSystem] ==> lib [System]
    arg [/Applications/Xcode.app/Contents/Developer/Toolchains/XcodeDefault.xctoolchain/usr/bin/../lib/clang/8.0.0/lib/darwin/libclang_rt.osx.a] ==> lib [/Applications/Xcode.app/Contents/Developer/Toolchains/XcodeDefault.xctoolchain/usr/bin/../lib/clang/8.0.0/lib/darwin/libclang_rt.osx.a]
  Library search paths: [;/usr/lib;/usr/local/lib]
  Framework search paths: [;/Library/Frameworks/;/System/Library/Frameworks/]
  remove lib [System]
  remove lib [/Applications/Xcode.app/Contents/Developer/Toolchains/XcodeDefault.xctoolchain/usr/bin/../lib/clang/8.0.0/lib/darwin/libclang_rt.osx.a]
  collapse library dir [/usr/lib] ==> [/usr/lib]
  collapse library dir [/usr/local/lib] ==> [/usr/local/lib]
  collapse framework dir [/Library/Frameworks/] ==> [/Library/Frameworks]
  collapse framework dir [/System/Library/Frameworks/] ==> [/System/Library/Frameworks]
  implicit libs: []
  implicit dirs: [/usr/lib;/usr/local/lib]
  implicit fwks: [/Library/Frameworks;/System/Library/Frameworks]




Detecting C [-std=c11] compiler features compiled with the following output:
Change Dir: /Users/bjoern/Documents/Oxford/Analysis/ks-cpv-in-ggsz-analyses/amplitude_calculations/HepMC-2.06.08/build_tmp/CMakeFiles/CMakeTmp

Run Build Command:"/opt/local/bin/gmake" "cmTC_59943/fast"
/opt/local/bin/gmake -f CMakeFiles/cmTC_59943.dir/build.make CMakeFiles/cmTC_59943.dir/build
gmake[1]: Entering directory '/Users/bjoern/Documents/Oxford/Analysis/ks-cpv-in-ggsz-analyses/amplitude_calculations/HepMC-2.06.08/build_tmp/CMakeFiles/CMakeTmp'
Building C object CMakeFiles/cmTC_59943.dir/feature_tests.c.o
/Applications/Xcode.app/Contents/Developer/Toolchains/XcodeDefault.xctoolchain/usr/bin/cc    -std=c11 -o CMakeFiles/cmTC_59943.dir/feature_tests.c.o   -c /Users/bjoern/Documents/Oxford/Analysis/ks-cpv-in-ggsz-analyses/amplitude_calculations/HepMC-2.06.08/build_tmp/CMakeFiles/feature_tests.c
Linking C executable cmTC_59943
/opt/local/bin/cmake -E cmake_link_script CMakeFiles/cmTC_59943.dir/link.txt --verbose=1
/Applications/Xcode.app/Contents/Developer/Toolchains/XcodeDefault.xctoolchain/usr/bin/cc    -Wl,-search_paths_first -Wl,-headerpad_max_install_names   CMakeFiles/cmTC_59943.dir/feature_tests.c.o  -o cmTC_59943  
gmake[1]: Leaving directory '/Users/bjoern/Documents/Oxford/Analysis/ks-cpv-in-ggsz-analyses/amplitude_calculations/HepMC-2.06.08/build_tmp/CMakeFiles/CMakeTmp'


    Feature record: C_FEATURE:1c_function_prototypes
    Feature record: C_FEATURE:1c_restrict
    Feature record: C_FEATURE:1c_static_assert
    Feature record: C_FEATURE:1c_variadic_macros


Detecting C [-std=c99] compiler features compiled with the following output:
Change Dir: /Users/bjoern/Documents/Oxford/Analysis/ks-cpv-in-ggsz-analyses/amplitude_calculations/HepMC-2.06.08/build_tmp/CMakeFiles/CMakeTmp

Run Build Command:"/opt/local/bin/gmake" "cmTC_31c14/fast"
/opt/local/bin/gmake -f CMakeFiles/cmTC_31c14.dir/build.make CMakeFiles/cmTC_31c14.dir/build
gmake[1]: Entering directory '/Users/bjoern/Documents/Oxford/Analysis/ks-cpv-in-ggsz-analyses/amplitude_calculations/HepMC-2.06.08/build_tmp/CMakeFiles/CMakeTmp'
Building C object CMakeFiles/cmTC_31c14.dir/feature_tests.c.o
/Applications/Xcode.app/Contents/Developer/Toolchains/XcodeDefault.xctoolchain/usr/bin/cc    -std=c99 -o CMakeFiles/cmTC_31c14.dir/feature_tests.c.o   -c /Users/bjoern/Documents/Oxford/Analysis/ks-cpv-in-ggsz-analyses/amplitude_calculations/HepMC-2.06.08/build_tmp/CMakeFiles/feature_tests.c
Linking C executable cmTC_31c14
/opt/local/bin/cmake -E cmake_link_script CMakeFiles/cmTC_31c14.dir/link.txt --verbose=1
/Applications/Xcode.app/Contents/Developer/Toolchains/XcodeDefault.xctoolchain/usr/bin/cc    -Wl,-search_paths_first -Wl,-headerpad_max_install_names   CMakeFiles/cmTC_31c14.dir/feature_tests.c.o  -o cmTC_31c14  
gmake[1]: Leaving directory '/Users/bjoern/Documents/Oxford/Analysis/ks-cpv-in-ggsz-analyses/amplitude_calculations/HepMC-2.06.08/build_tmp/CMakeFiles/CMakeTmp'


    Feature record: C_FEATURE:1c_function_prototypes
    Feature record: C_FEATURE:1c_restrict
    Feature record: C_FEATURE:0c_static_assert
    Feature record: C_FEATURE:1c_variadic_macros


Detecting C [-std=c90] compiler features compiled with the following output:
Change Dir: /Users/bjoern/Documents/Oxford/Analysis/ks-cpv-in-ggsz-analyses/amplitude_calculations/HepMC-2.06.08/build_tmp/CMakeFiles/CMakeTmp

Run Build Command:"/opt/local/bin/gmake" "cmTC_d4ad2/fast"
/opt/local/bin/gmake -f CMakeFiles/cmTC_d4ad2.dir/build.make CMakeFiles/cmTC_d4ad2.dir/build
gmake[1]: Entering directory '/Users/bjoern/Documents/Oxford/Analysis/ks-cpv-in-ggsz-analyses/amplitude_calculations/HepMC-2.06.08/build_tmp/CMakeFiles/CMakeTmp'
Building C object CMakeFiles/cmTC_d4ad2.dir/feature_tests.c.o
/Applications/Xcode.app/Contents/Developer/Toolchains/XcodeDefault.xctoolchain/usr/bin/cc    -std=c90 -o CMakeFiles/cmTC_d4ad2.dir/feature_tests.c.o   -c /Users/bjoern/Documents/Oxford/Analysis/ks-cpv-in-ggsz-analyses/amplitude_calculations/HepMC-2.06.08/build_tmp/CMakeFiles/feature_tests.c
Linking C executable cmTC_d4ad2
/opt/local/bin/cmake -E cmake_link_script CMakeFiles/cmTC_d4ad2.dir/link.txt --verbose=1
/Applications/Xcode.app/Contents/Developer/Toolchains/XcodeDefault.xctoolchain/usr/bin/cc    -Wl,-search_paths_first -Wl,-headerpad_max_install_names   CMakeFiles/cmTC_d4ad2.dir/feature_tests.c.o  -o cmTC_d4ad2  
gmake[1]: Leaving directory '/Users/bjoern/Documents/Oxford/Analysis/ks-cpv-in-ggsz-analyses/amplitude_calculations/HepMC-2.06.08/build_tmp/CMakeFiles/CMakeTmp'


    Feature record: C_FEATURE:1c_function_prototypes
    Feature record: C_FEATURE:0c_restrict
    Feature record: C_FEATURE:0c_static_assert
    Feature record: C_FEATURE:0c_variadic_macros
Determining if the CXX compiler works passed with the following output:
Change Dir: /Users/bjoern/Documents/Oxford/Analysis/ks-cpv-in-ggsz-analyses/amplitude_calculations/HepMC-2.06.08/build_tmp/CMakeFiles/CMakeTmp

Run Build Command:"/opt/local/bin/gmake" "cmTC_b748b/fast"
/opt/local/bin/gmake -f CMakeFiles/cmTC_b748b.dir/build.make CMakeFiles/cmTC_b748b.dir/build
gmake[1]: Entering directory '/Users/bjoern/Documents/Oxford/Analysis/ks-cpv-in-ggsz-analyses/amplitude_calculations/HepMC-2.06.08/build_tmp/CMakeFiles/CMakeTmp'
Building CXX object CMakeFiles/cmTC_b748b.dir/testCXXCompiler.cxx.o
/Applications/Xcode.app/Contents/Developer/Toolchains/XcodeDefault.xctoolchain/usr/bin/c++      -o CMakeFiles/cmTC_b748b.dir/testCXXCompiler.cxx.o -c /Users/bjoern/Documents/Oxford/Analysis/ks-cpv-in-ggsz-analyses/amplitude_calculations/HepMC-2.06.08/build_tmp/CMakeFiles/CMakeTmp/testCXXCompiler.cxx
Linking CXX executable cmTC_b748b
/opt/local/bin/cmake -E cmake_link_script CMakeFiles/cmTC_b748b.dir/link.txt --verbose=1
/Applications/Xcode.app/Contents/Developer/Toolchains/XcodeDefault.xctoolchain/usr/bin/c++     -Wl,-search_paths_first -Wl,-headerpad_max_install_names   CMakeFiles/cmTC_b748b.dir/testCXXCompiler.cxx.o  -o cmTC_b748b  
gmake[1]: Leaving directory '/Users/bjoern/Documents/Oxford/Analysis/ks-cpv-in-ggsz-analyses/amplitude_calculations/HepMC-2.06.08/build_tmp/CMakeFiles/CMakeTmp'


Detecting CXX compiler ABI info compiled with the following output:
Change Dir: /Users/bjoern/Documents/Oxford/Analysis/ks-cpv-in-ggsz-analyses/amplitude_calculations/HepMC-2.06.08/build_tmp/CMakeFiles/CMakeTmp

Run Build Command:"/opt/local/bin/gmake" "cmTC_d62dd/fast"
/opt/local/bin/gmake -f CMakeFiles/cmTC_d62dd.dir/build.make CMakeFiles/cmTC_d62dd.dir/build
gmake[1]: Entering directory '/Users/bjoern/Documents/Oxford/Analysis/ks-cpv-in-ggsz-analyses/amplitude_calculations/HepMC-2.06.08/build_tmp/CMakeFiles/CMakeTmp'
Building CXX object CMakeFiles/cmTC_d62dd.dir/CMakeCXXCompilerABI.cpp.o
/Applications/Xcode.app/Contents/Developer/Toolchains/XcodeDefault.xctoolchain/usr/bin/c++      -o CMakeFiles/cmTC_d62dd.dir/CMakeCXXCompilerABI.cpp.o -c /opt/local/share/cmake-3.7/Modules/CMakeCXXCompilerABI.cpp
Linking CXX executable cmTC_d62dd
/opt/local/bin/cmake -E cmake_link_script CMakeFiles/cmTC_d62dd.dir/link.txt --verbose=1
/Applications/Xcode.app/Contents/Developer/Toolchains/XcodeDefault.xctoolchain/usr/bin/c++     -Wl,-search_paths_first -Wl,-headerpad_max_install_names  -v -Wl,-v CMakeFiles/cmTC_d62dd.dir/CMakeCXXCompilerABI.cpp.o  -o cmTC_d62dd   
Apple LLVM version 8.0.0 (clang-800.0.38)
Target: x86_64-apple-darwin16.3.0
Thread model: posix
InstalledDir: /Applications/Xcode.app/Contents/Developer/Toolchains/XcodeDefault.xctoolchain/usr/bin
 "/Applications/Xcode.app/Contents/Developer/Toolchains/XcodeDefault.xctoolchain/usr/bin/ld" -demangle -dynamic -arch x86_64 -macosx_version_min 10.12.0 -o cmTC_d62dd -search_paths_first -headerpad_max_install_names -v CMakeFiles/cmTC_d62dd.dir/CMakeCXXCompilerABI.cpp.o -lc++ -lSystem /Applications/Xcode.app/Contents/Developer/Toolchains/XcodeDefault.xctoolchain/usr/bin/../lib/clang/8.0.0/lib/darwin/libclang_rt.osx.a
@(#)PROGRAM:ld  PROJECT:ld64-274.1
configured to support archs: armv6 armv7 armv7s arm64 i386 x86_64 x86_64h armv6m armv7k armv7m armv7em (tvOS)
Library search paths:
	/usr/lib
	/usr/local/lib
Framework search paths:
	/Library/Frameworks/
	/System/Library/Frameworks/
gmake[1]: Leaving directory '/Users/bjoern/Documents/Oxford/Analysis/ks-cpv-in-ggsz-analyses/amplitude_calculations/HepMC-2.06.08/build_tmp/CMakeFiles/CMakeTmp'


Parsed CXX implicit link information from above output:
  link line regex: [^( *|.*[/\])(ld|([^/\]+-)?ld|collect2)[^/\]*( |$)]
  ignore line: [Change Dir: /Users/bjoern/Documents/Oxford/Analysis/ks-cpv-in-ggsz-analyses/amplitude_calculations/HepMC-2.06.08/build_tmp/CMakeFiles/CMakeTmp]
  ignore line: []
  ignore line: [Run Build Command:"/opt/local/bin/gmake" "cmTC_d62dd/fast"]
  ignore line: [/opt/local/bin/gmake -f CMakeFiles/cmTC_d62dd.dir/build.make CMakeFiles/cmTC_d62dd.dir/build]
  ignore line: [gmake[1]: Entering directory '/Users/bjoern/Documents/Oxford/Analysis/ks-cpv-in-ggsz-analyses/amplitude_calculations/HepMC-2.06.08/build_tmp/CMakeFiles/CMakeTmp']
  ignore line: [Building CXX object CMakeFiles/cmTC_d62dd.dir/CMakeCXXCompilerABI.cpp.o]
  ignore line: [/Applications/Xcode.app/Contents/Developer/Toolchains/XcodeDefault.xctoolchain/usr/bin/c++      -o CMakeFiles/cmTC_d62dd.dir/CMakeCXXCompilerABI.cpp.o -c /opt/local/share/cmake-3.7/Modules/CMakeCXXCompilerABI.cpp]
  ignore line: [Linking CXX executable cmTC_d62dd]
  ignore line: [/opt/local/bin/cmake -E cmake_link_script CMakeFiles/cmTC_d62dd.dir/link.txt --verbose=1]
  ignore line: [/Applications/Xcode.app/Contents/Developer/Toolchains/XcodeDefault.xctoolchain/usr/bin/c++     -Wl,-search_paths_first -Wl,-headerpad_max_install_names  -v -Wl,-v CMakeFiles/cmTC_d62dd.dir/CMakeCXXCompilerABI.cpp.o  -o cmTC_d62dd   ]
  ignore line: [Apple LLVM version 8.0.0 (clang-800.0.38)]
  ignore line: [Target: x86_64-apple-darwin16.3.0]
  ignore line: [Thread model: posix]
  ignore line: [InstalledDir: /Applications/Xcode.app/Contents/Developer/Toolchains/XcodeDefault.xctoolchain/usr/bin]
  link line: [ "/Applications/Xcode.app/Contents/Developer/Toolchains/XcodeDefault.xctoolchain/usr/bin/ld" -demangle -dynamic -arch x86_64 -macosx_version_min 10.12.0 -o cmTC_d62dd -search_paths_first -headerpad_max_install_names -v CMakeFiles/cmTC_d62dd.dir/CMakeCXXCompilerABI.cpp.o -lc++ -lSystem /Applications/Xcode.app/Contents/Developer/Toolchains/XcodeDefault.xctoolchain/usr/bin/../lib/clang/8.0.0/lib/darwin/libclang_rt.osx.a]
    arg [/Applications/Xcode.app/Contents/Developer/Toolchains/XcodeDefault.xctoolchain/usr/bin/ld] ==> ignore
    arg [-demangle] ==> ignore
    arg [-dynamic] ==> ignore
    arg [-arch] ==> ignore
    arg [x86_64] ==> ignore
    arg [-macosx_version_min] ==> ignore
    arg [10.12.0] ==> ignore
    arg [-o] ==> ignore
    arg [cmTC_d62dd] ==> ignore
    arg [-search_paths_first] ==> ignore
    arg [-headerpad_max_install_names] ==> ignore
    arg [-v] ==> ignore
    arg [CMakeFiles/cmTC_d62dd.dir/CMakeCXXCompilerABI.cpp.o] ==> ignore
    arg [-lc++] ==> lib [c++]
    arg [-lSystem] ==> lib [System]
    arg [/Applications/Xcode.app/Contents/Developer/Toolchains/XcodeDefault.xctoolchain/usr/bin/../lib/clang/8.0.0/lib/darwin/libclang_rt.osx.a] ==> lib [/Applications/Xcode.app/Contents/Developer/Toolchains/XcodeDefault.xctoolchain/usr/bin/../lib/clang/8.0.0/lib/darwin/libclang_rt.osx.a]
  Library search paths: [;/usr/lib;/usr/local/lib]
  Framework search paths: [;/Library/Frameworks/;/System/Library/Frameworks/]
  remove lib [System]
  remove lib [/Applications/Xcode.app/Contents/Developer/Toolchains/XcodeDefault.xctoolchain/usr/bin/../lib/clang/8.0.0/lib/darwin/libclang_rt.osx.a]
  collapse library dir [/usr/lib] ==> [/usr/lib]
  collapse library dir [/usr/local/lib] ==> [/usr/local/lib]
  collapse framework dir [/Library/Frameworks/] ==> [/Library/Frameworks]
  collapse framework dir [/System/Library/Frameworks/] ==> [/System/Library/Frameworks]
  implicit libs: [c++]
  implicit dirs: [/usr/lib;/usr/local/lib]
  implicit fwks: [/Library/Frameworks;/System/Library/Frameworks]




Detecting CXX [-std=c++14] compiler features compiled with the following output:
Change Dir: /Users/bjoern/Documents/Oxford/Analysis/ks-cpv-in-ggsz-analyses/amplitude_calculations/HepMC-2.06.08/build_tmp/CMakeFiles/CMakeTmp

Run Build Command:"/opt/local/bin/gmake" "cmTC_45590/fast"
/opt/local/bin/gmake -f CMakeFiles/cmTC_45590.dir/build.make CMakeFiles/cmTC_45590.dir/build
gmake[1]: Entering directory '/Users/bjoern/Documents/Oxford/Analysis/ks-cpv-in-ggsz-analyses/amplitude_calculations/HepMC-2.06.08/build_tmp/CMakeFiles/CMakeTmp'
Building CXX object CMakeFiles/cmTC_45590.dir/feature_tests.cxx.o
/Applications/Xcode.app/Contents/Developer/Toolchains/XcodeDefault.xctoolchain/usr/bin/c++     -std=c++14 -o CMakeFiles/cmTC_45590.dir/feature_tests.cxx.o -c /Users/bjoern/Documents/Oxford/Analysis/ks-cpv-in-ggsz-analyses/amplitude_calculations/HepMC-2.06.08/build_tmp/CMakeFiles/feature_tests.cxx
Linking CXX executable cmTC_45590
/opt/local/bin/cmake -E cmake_link_script CMakeFiles/cmTC_45590.dir/link.txt --verbose=1
/Applications/Xcode.app/Contents/Developer/Toolchains/XcodeDefault.xctoolchain/usr/bin/c++     -Wl,-search_paths_first -Wl,-headerpad_max_install_names   CMakeFiles/cmTC_45590.dir/feature_tests.cxx.o  -o cmTC_45590  
gmake[1]: Leaving directory '/Users/bjoern/Documents/Oxford/Analysis/ks-cpv-in-ggsz-analyses/amplitude_calculations/HepMC-2.06.08/build_tmp/CMakeFiles/CMakeTmp'


    Feature record: CXX_FEATURE:1cxx_aggregate_default_initializers
    Feature record: CXX_FEATURE:1cxx_alias_templates
    Feature record: CXX_FEATURE:1cxx_alignas
    Feature record: CXX_FEATURE:1cxx_alignof
    Feature record: CXX_FEATURE:1cxx_attributes
    Feature record: CXX_FEATURE:1cxx_attribute_deprecated
    Feature record: CXX_FEATURE:1cxx_auto_type
    Feature record: CXX_FEATURE:1cxx_binary_literals
    Feature record: CXX_FEATURE:1cxx_constexpr
    Feature record: CXX_FEATURE:1cxx_contextual_conversions
    Feature record: CXX_FEATURE:1cxx_decltype
    Feature record: CXX_FEATURE:1cxx_decltype_auto
    Feature record: CXX_FEATURE:1cxx_decltype_incomplete_return_types
    Feature record: CXX_FEATURE:1cxx_default_function_template_args
    Feature record: CXX_FEATURE:1cxx_defaulted_functions
    Feature record: CXX_FEATURE:1cxx_defaulted_move_initializers
    Feature record: CXX_FEATURE:1cxx_delegating_constructors
    Feature record: CXX_FEATURE:1cxx_deleted_functions
    Feature record: CXX_FEATURE:1cxx_digit_separators
    Feature record: CXX_FEATURE:1cxx_enum_forward_declarations
    Feature record: CXX_FEATURE:1cxx_explicit_conversions
    Feature record: CXX_FEATURE:1cxx_extended_friend_declarations
    Feature record: CXX_FEATURE:1cxx_extern_templates
    Feature record: CXX_FEATURE:1cxx_final
    Feature record: CXX_FEATURE:1cxx_func_identifier
    Feature record: CXX_FEATURE:1cxx_generalized_initializers
    Feature record: CXX_FEATURE:1cxx_generic_lambdas
    Feature record: CXX_FEATURE:1cxx_inheriting_constructors
    Feature record: CXX_FEATURE:1cxx_inline_namespaces
    Feature record: CXX_FEATURE:1cxx_lambdas
    Feature record: CXX_FEATURE:1cxx_lambda_init_captures
    Feature record: CXX_FEATURE:1cxx_local_type_template_args
    Feature record: CXX_FEATURE:1cxx_long_long_type
    Feature record: CXX_FEATURE:1cxx_noexcept
    Feature record: CXX_FEATURE:1cxx_nonstatic_member_init
    Feature record: CXX_FEATURE:1cxx_nullptr
    Feature record: CXX_FEATURE:1cxx_override
    Feature record: CXX_FEATURE:1cxx_range_for
    Feature record: CXX_FEATURE:1cxx_raw_string_literals
    Feature record: CXX_FEATURE:1cxx_reference_qualified_functions
    Feature record: CXX_FEATURE:1cxx_relaxed_constexpr
    Feature record: CXX_FEATURE:1cxx_return_type_deduction
    Feature record: CXX_FEATURE:1cxx_right_angle_brackets
    Feature record: CXX_FEATURE:1cxx_rvalue_references
    Feature record: CXX_FEATURE:1cxx_sizeof_member
    Feature record: CXX_FEATURE:1cxx_static_assert
    Feature record: CXX_FEATURE:1cxx_strong_enums
    Feature record: CXX_FEATURE:1cxx_template_template_parameters
    Feature record: CXX_FEATURE:1cxx_thread_local
    Feature record: CXX_FEATURE:1cxx_trailing_return_types
    Feature record: CXX_FEATURE:1cxx_unicode_literals
    Feature record: CXX_FEATURE:1cxx_uniform_initialization
    Feature record: CXX_FEATURE:1cxx_unrestricted_unions
    Feature record: CXX_FEATURE:1cxx_user_literals
    Feature record: CXX_FEATURE:1cxx_variable_templates
    Feature record: CXX_FEATURE:1cxx_variadic_macros
    Feature record: CXX_FEATURE:1cxx_variadic_templates


Detecting CXX [-std=c++11] compiler features compiled with the following output:
Change Dir: /Users/bjoern/Documents/Oxford/Analysis/ks-cpv-in-ggsz-analyses/amplitude_calculations/HepMC-2.06.08/build_tmp/CMakeFiles/CMakeTmp

Run Build Command:"/opt/local/bin/gmake" "cmTC_229a3/fast"
/opt/local/bin/gmake -f CMakeFiles/cmTC_229a3.dir/build.make CMakeFiles/cmTC_229a3.dir/build
gmake[1]: Entering directory '/Users/bjoern/Documents/Oxford/Analysis/ks-cpv-in-ggsz-analyses/amplitude_calculations/HepMC-2.06.08/build_tmp/CMakeFiles/CMakeTmp'
Building CXX object CMakeFiles/cmTC_229a3.dir/feature_tests.cxx.o
/Applications/Xcode.app/Contents/Developer/Toolchains/XcodeDefault.xctoolchain/usr/bin/c++     -std=c++11 -o CMakeFiles/cmTC_229a3.dir/feature_tests.cxx.o -c /Users/bjoern/Documents/Oxford/Analysis/ks-cpv-in-ggsz-analyses/amplitude_calculations/HepMC-2.06.08/build_tmp/CMakeFiles/feature_tests.cxx
Linking CXX executable cmTC_229a3
/opt/local/bin/cmake -E cmake_link_script CMakeFiles/cmTC_229a3.dir/link.txt --verbose=1
/Applications/Xcode.app/Contents/Developer/Toolchains/XcodeDefault.xctoolchain/usr/bin/c++     -Wl,-search_paths_first -Wl,-headerpad_max_install_names   CMakeFiles/cmTC_229a3.dir/feature_tests.cxx.o  -o cmTC_229a3  
gmake[1]: Leaving directory '/Users/bjoern/Documents/Oxford/Analysis/ks-cpv-in-ggsz-analyses/amplitude_calculations/HepMC-2.06.08/build_tmp/CMakeFiles/CMakeTmp'


    Feature record: CXX_FEATURE:0cxx_aggregate_default_initializers
    Feature record: CXX_FEATURE:1cxx_alias_templates
    Feature record: CXX_FEATURE:1cxx_alignas
    Feature record: CXX_FEATURE:1cxx_alignof
    Feature record: CXX_FEATURE:1cxx_attributes
    Feature record: CXX_FEATURE:0cxx_attribute_deprecated
    Feature record: CXX_FEATURE:1cxx_auto_type
    Feature record: CXX_FEATURE:0cxx_binary_literals
    Feature record: CXX_FEATURE:1cxx_constexpr
    Feature record: CXX_FEATURE:0cxx_contextual_conversions
    Feature record: CXX_FEATURE:1cxx_decltype
    Feature record: CXX_FEATURE:0cxx_decltype_auto
    Feature record: CXX_FEATURE:1cxx_decltype_incomplete_return_types
    Feature record: CXX_FEATURE:1cxx_default_function_template_args
    Feature record: CXX_FEATURE:1cxx_defaulted_functions
    Feature record: CXX_FEATURE:1cxx_defaulted_move_initializers
    Feature record: CXX_FEATURE:1cxx_delegating_constructors
    Feature record: CXX_FEATURE:1cxx_deleted_functions
    Feature record: CXX_FEATURE:0cxx_digit_separators
    Feature record: CXX_FEATURE:1cxx_enum_forward_declarations
    Feature record: CXX_FEATURE:1cxx_explicit_conversions
    Feature record: CXX_FEATURE:1cxx_extended_friend_declarations
    Feature record: CXX_FEATURE:1cxx_extern_templates
    Feature record: CXX_FEATURE:1cxx_final
    Feature record: CXX_FEATURE:1cxx_func_identifier
    Feature record: CXX_FEATURE:1cxx_generalized_initializers
    Feature record: CXX_FEATURE:0cxx_generic_lambdas
    Feature record: CXX_FEATURE:1cxx_inheriting_constructors
    Feature record: CXX_FEATURE:1cxx_inline_namespaces
    Feature record: CXX_FEATURE:1cxx_lambdas
    Feature record: CXX_FEATURE:0cxx_lambda_init_captures
    Feature record: CXX_FEATURE:1cxx_local_type_template_args
    Feature record: CXX_FEATURE:1cxx_long_long_type
    Feature record: CXX_FEATURE:1cxx_noexcept
    Feature record: CXX_FEATURE:1cxx_nonstatic_member_init
    Feature record: CXX_FEATURE:1cxx_nullptr
    Feature record: CXX_FEATURE:1cxx_override
    Feature record: CXX_FEATURE:1cxx_range_for
    Feature record: CXX_FEATURE:1cxx_raw_string_literals
    Feature record: CXX_FEATURE:1cxx_reference_qualified_functions
    Feature record: CXX_FEATURE:0cxx_relaxed_constexpr
    Feature record: CXX_FEATURE:0cxx_return_type_deduction
    Feature record: CXX_FEATURE:1cxx_right_angle_brackets
    Feature record: CXX_FEATURE:1cxx_rvalue_references
    Feature record: CXX_FEATURE:1cxx_sizeof_member
    Feature record: CXX_FEATURE:1cxx_static_assert
    Feature record: CXX_FEATURE:1cxx_strong_enums
    Feature record: CXX_FEATURE:1cxx_template_template_parameters
    Feature record: CXX_FEATURE:1cxx_thread_local
    Feature record: CXX_FEATURE:1cxx_trailing_return_types
    Feature record: CXX_FEATURE:1cxx_unicode_literals
    Feature record: CXX_FEATURE:1cxx_uniform_initialization
    Feature record: CXX_FEATURE:1cxx_unrestricted_unions
    Feature record: CXX_FEATURE:1cxx_user_literals
    Feature record: CXX_FEATURE:0cxx_variable_templates
    Feature record: CXX_FEATURE:1cxx_variadic_macros
    Feature record: CXX_FEATURE:1cxx_variadic_templates


Detecting CXX [-std=c++98] compiler features compiled with the following output:
Change Dir: /Users/bjoern/Documents/Oxford/Analysis/ks-cpv-in-ggsz-analyses/amplitude_calculations/HepMC-2.06.08/build_tmp/CMakeFiles/CMakeTmp

Run Build Command:"/opt/local/bin/gmake" "cmTC_47319/fast"
/opt/local/bin/gmake -f CMakeFiles/cmTC_47319.dir/build.make CMakeFiles/cmTC_47319.dir/build
gmake[1]: Entering directory '/Users/bjoern/Documents/Oxford/Analysis/ks-cpv-in-ggsz-analyses/amplitude_calculations/HepMC-2.06.08/build_tmp/CMakeFiles/CMakeTmp'
Building CXX object CMakeFiles/cmTC_47319.dir/feature_tests.cxx.o
/Applications/Xcode.app/Contents/Developer/Toolchains/XcodeDefault.xctoolchain/usr/bin/c++     -std=c++98 -o CMakeFiles/cmTC_47319.dir/feature_tests.cxx.o -c /Users/bjoern/Documents/Oxford/Analysis/ks-cpv-in-ggsz-analyses/amplitude_calculations/HepMC-2.06.08/build_tmp/CMakeFiles/feature_tests.cxx
Linking CXX executable cmTC_47319
/opt/local/bin/cmake -E cmake_link_script CMakeFiles/cmTC_47319.dir/link.txt --verbose=1
/Applications/Xcode.app/Contents/Developer/Toolchains/XcodeDefault.xctoolchain/usr/bin/c++     -Wl,-search_paths_first -Wl,-headerpad_max_install_names   CMakeFiles/cmTC_47319.dir/feature_tests.cxx.o  -o cmTC_47319  
gmake[1]: Leaving directory '/Users/bjoern/Documents/Oxford/Analysis/ks-cpv-in-ggsz-analyses/amplitude_calculations/HepMC-2.06.08/build_tmp/CMakeFiles/CMakeTmp'


    Feature record: CXX_FEATURE:0cxx_aggregate_default_initializers
    Feature record: CXX_FEATURE:0cxx_alias_templates
    Feature record: CXX_FEATURE:0cxx_alignas
    Feature record: CXX_FEATURE:0cxx_alignof
    Feature record: CXX_FEATURE:0cxx_attributes
    Feature record: CXX_FEATURE:0cxx_attribute_deprecated
    Feature record: CXX_FEATURE:0cxx_auto_type
    Feature record: CXX_FEATURE:0cxx_binary_literals
    Feature record: CXX_FEATURE:0cxx_constexpr
    Feature record: CXX_FEATURE:0cxx_contextual_conversions
    Feature record: CXX_FEATURE:0cxx_decltype
    Feature record: CXX_FEATURE:0cxx_decltype_auto
    Feature record: CXX_FEATURE:0cxx_decltype_incomplete_return_types
    Feature record: CXX_FEATURE:0cxx_default_function_template_args
    Feature record: CXX_FEATURE:0cxx_defaulted_functions
    Feature record: CXX_FEATURE:0cxx_defaulted_move_initializers
    Feature record: CXX_FEATURE:0cxx_delegating_constructors
    Feature record: CXX_FEATURE:0cxx_deleted_functions
    Feature record: CXX_FEATURE:0cxx_digit_separators
    Feature record: CXX_FEATURE:0cxx_enum_forward_declarations
    Feature record: CXX_FEATURE:0cxx_explicit_conversions
    Feature record: CXX_FEATURE:0cxx_extended_friend_declarations
    Feature record: CXX_FEATURE:0cxx_extern_templates
    Feature record: CXX_FEATURE:0cxx_final
    Feature record: CXX_FEATURE:0cxx_func_identifier
    Feature record: CXX_FEATURE:0cxx_generalized_initializers
    Feature record: CXX_FEATURE:0cxx_generic_lambdas
    Feature record: CXX_FEATURE:0cxx_inheriting_constructors
    Feature record: CXX_FEATURE:0cxx_inline_namespaces
    Feature record: CXX_FEATURE:0cxx_lambdas
    Feature record: CXX_FEATURE:0cxx_lambda_init_captures
    Feature record: CXX_FEATURE:0cxx_local_type_template_args
    Feature record: CXX_FEATURE:0cxx_long_long_type
    Feature record: CXX_FEATURE:0cxx_noexcept
    Feature record: CXX_FEATURE:0cxx_nonstatic_member_init
    Feature record: CXX_FEATURE:0cxx_nullptr
    Feature record: CXX_FEATURE:0cxx_override
    Feature record: CXX_FEATURE:0cxx_range_for
    Feature record: CXX_FEATURE:0cxx_raw_string_literals
    Feature record: CXX_FEATURE:0cxx_reference_qualified_functions
    Feature record: CXX_FEATURE:0cxx_relaxed_constexpr
    Feature record: CXX_FEATURE:0cxx_return_type_deduction
    Feature record: CXX_FEATURE:0cxx_right_angle_brackets
    Feature record: CXX_FEATURE:0cxx_rvalue_references
    Feature record: CXX_FEATURE:0cxx_sizeof_member
    Feature record: CXX_FEATURE:0cxx_static_assert
    Feature record: CXX_FEATURE:0cxx_strong_enums
    Feature record: CXX_FEATURE:1cxx_template_template_parameters
    Feature record: CXX_FEATURE:0cxx_thread_local
    Feature record: CXX_FEATURE:0cxx_trailing_return_types
    Feature record: CXX_FEATURE:0cxx_unicode_literals
    Feature record: CXX_FEATURE:0cxx_uniform_initialization
    Feature record: CXX_FEATURE:0cxx_unrestricted_unions
    Feature record: CXX_FEATURE:0cxx_user_literals
    Feature record: CXX_FEATURE:0cxx_variable_templates
    Feature record: CXX_FEATURE:0cxx_variadic_macros
    Feature record: CXX_FEATURE:0cxx_variadic_templates
Compiling the Fortran compiler identification source file "CMakeFortranCompilerId.F" succeeded.
Compiler: /usr/local/bin/gfortran 
Build flags: 
Id flags: -v

The output was:
0
Driving: /usr/local/bin/gfortran -v CMakeFortranCompilerId.F -mmacosx-version-min=10.12.3 -asm_macosx_version_min=10.12 -l gfortran -shared-libgcc
Using built-in specs.
COLLECT_GCC=/usr/local/bin/gfortran
COLLECT_LTO_WRAPPER=/usr/local/Cellar/gcc/7.2.0/libexec/gcc/x86_64-apple-darwin16.7.0/7.2.0/lto-wrapper
Target: x86_64-apple-darwin16.7.0
Configured with: ../configure --build=x86_64-apple-darwin16.7.0 --prefix=/usr/local/Cellar/gcc/7.2.0 --libdir=/usr/local/Cellar/gcc/7.2.0/lib/gcc/7 --enable-languages=c,c++,objc,obj-c++,fortran --program-suffix=-7 --with-gmp=/usr/local/opt/gmp --with-mpfr=/usr/local/opt/mpfr --with-mpc=/usr/local/opt/libmpc --with-isl=/usr/local/opt/isl --with-system-zlib --enable-checking=release --with-pkgversion='Homebrew GCC 7.2.0' --with-bugurl=https://github.com/Homebrew/homebrew-core/issues --disable-nls
Thread model: posix
gcc version 7.2.0 (Homebrew GCC 7.2.0) 
COLLECT_GCC_OPTIONS='-v' '-mmacosx-version-min=10.12.3' '-asm_macosx_version_min=10.12' '-shared-libgcc' '-mtune=core2'
 /usr/local/Cellar/gcc/7.2.0/libexec/gcc/x86_64-apple-darwin16.7.0/7.2.0/f951 CMakeFortranCompilerId.F -ffixed-form -cpp=/var/folders/dp/zd9qp6fn0gx8401nnt2v7hnh0000gq/T//ccuTq2S3.f90 -quiet -v -D__DYNAMIC__ CMakeFortranCompilerId.F -fPIC -quiet -dumpbase CMakeFortranCompilerId.F -mmacosx-version-min=10.12.3 -mtune=core2 -auxbase CMakeFortranCompilerId -version -fintrinsic-modules-path /usr/local/Cellar/gcc/7.2.0/lib/gcc/7/gcc/x86_64-apple-darwin16.7.0/7.2.0/finclude -o /var/folders/dp/zd9qp6fn0gx8401nnt2v7hnh0000gq/T//cct5hRWm.s
GNU Fortran (Homebrew GCC 7.2.0) version 7.2.0 (x86_64-apple-darwin16.7.0)
	compiled by GNU C version 7.2.0, GMP version 6.1.2, MPFR version 3.1.5, MPC version 1.0.3, isl version isl-0.18-GMP

warning: MPFR header version 3.1.5 differs from library version 3.1.6.
GGC heuristics: --param ggc-min-expand=100 --param ggc-min-heapsize=131072
ignoring nonexistent directory "/usr/local/Cellar/gcc/7.2.0/lib/gcc/7/gcc/x86_64-apple-darwin16.7.0/7.2.0/../../../../../../x86_64-apple-darwin16.7.0/include"
#include "..." search starts here:
#include <...> search starts here:
 /usr/local/Cellar/gcc/7.2.0/lib/gcc/7/gcc/x86_64-apple-darwin16.7.0/7.2.0/finclude
 /usr/local/Cellar/gcc/7.2.0/lib/gcc/7/gcc/x86_64-apple-darwin16.7.0/7.2.0/include
 /usr/local/include
 /usr/local/Cellar/gcc/7.2.0/include
 /usr/local/Cellar/gcc/7.2.0/lib/gcc/7/gcc/x86_64-apple-darwin16.7.0/7.2.0/include-fixed
 /usr/include
End of search list.
GNU Fortran2008 (Homebrew GCC 7.2.0) version 7.2.0 (x86_64-apple-darwin16.7.0)
	compiled by GNU C version 7.2.0, GMP version 6.1.2, MPFR version 3.1.5, MPC version 1.0.3, isl version isl-0.18-GMP

warning: MPFR header version 3.1.5 differs from library version 3.1.6.
GGC heuristics: --param ggc-min-expand=100 --param ggc-min-heapsize=131072
COLLECT_GCC_OPTIONS='-v' '-mmacosx-version-min=10.12.3'  '-shared-libgcc' '-mtune=core2'
 as -arch x86_64 -v -force_cpusubtype_ALL -mmacosx-version-min=10.12 -o /var/folders/dp/zd9qp6fn0gx8401nnt2v7hnh0000gq/T//ccl9xeY9.o /var/folders/dp/zd9qp6fn0gx8401nnt2v7hnh0000gq/T//cct5hRWm.s
Apple LLVM version 8.0.0 (clang-800.0.38)
Target: x86_64-apple-darwin16.3.0
Thread model: posix
InstalledDir: /Applications/Xcode.app/Contents/Developer/Toolchains/XcodeDefault.xctoolchain/usr/bin
 "/Applications/Xcode.app/Contents/Developer/Toolchains/XcodeDefault.xctoolchain/usr/bin/clang" -cc1as -triple x86_64-apple-macosx10.12.0 -filetype obj -main-file-name cct5hRWm.s -target-cpu penryn -fdebug-compilation-dir /Users/bjoern/Documents/Oxford/Analysis/ks-cpv-in-ggsz-analyses/amplitude_calculations/HepMC-2.06.08/build_tmp/CMakeFiles/3.7.1/CompilerIdFortran -dwarf-debug-producer Apple LLVM version 8.0.0 (clang-800.0.38) -dwarf-version=2 -mrelocation-model pic -o /var/folders/dp/zd9qp6fn0gx8401nnt2v7hnh0000gq/T//ccl9xeY9.o /var/folders/dp/zd9qp6fn0gx8401nnt2v7hnh0000gq/T//cct5hRWm.s
Reading specs from /usr/local/Cellar/gcc/7.2.0/lib/gcc/7/gcc/x86_64-apple-darwin16.7.0/7.2.0/../../../libgfortran.spec
rename spec lib to liborig
COLLECT_GCC_OPTIONS='-v' '-mmacosx-version-min=10.12.3'  '-shared-libgcc' '-mtune=core2'
COMPILER_PATH=/usr/local/Cellar/gcc/7.2.0/libexec/gcc/x86_64-apple-darwin16.7.0/7.2.0/:/usr/local/Cellar/gcc/7.2.0/libexec/gcc/x86_64-apple-darwin16.7.0/7.2.0/:/usr/local/Cellar/gcc/7.2.0/libexec/gcc/x86_64-apple-darwin16.7.0/:/usr/local/Cellar/gcc/7.2.0/lib/gcc/7/gcc/x86_64-apple-darwin16.7.0/7.2.0/:/usr/local/Cellar/gcc/7.2.0/lib/gcc/7/gcc/x86_64-apple-darwin16.7.0/
LIBRARY_PATH=/usr/local/Cellar/gcc/7.2.0/lib/gcc/7/gcc/x86_64-apple-darwin16.7.0/7.2.0/:/usr/local/Cellar/gcc/7.2.0/lib/gcc/7/gcc/x86_64-apple-darwin16.7.0/7.2.0/../../../
COLLECT_GCC_OPTIONS='-v' '-mmacosx-version-min=10.12.3'  '-shared-libgcc' '-mtune=core2'
 /usr/local/Cellar/gcc/7.2.0/libexec/gcc/x86_64-apple-darwin16.7.0/7.2.0/collect2 -dynamic -arch x86_64 -macosx_version_min 10.12.3 -weak_reference_mismatches non-weak -o a.out -L/usr/local/Cellar/gcc/7.2.0/lib/gcc/7/gcc/x86_64-apple-darwin16.7.0/7.2.0 -L/usr/local/Cellar/gcc/7.2.0/lib/gcc/7/gcc/x86_64-apple-darwin16.7.0/7.2.0/../../.. /var/folders/dp/zd9qp6fn0gx8401nnt2v7hnh0000gq/T//ccl9xeY9.o -lgfortran -no_compact_unwind -lSystem -lgcc_ext.10.5 -lgcc -lquadmath -lm -lgcc_ext.10.5 -lgcc -lSystem -v
collect2 version 7.2.0
/usr/bin/ld -dynamic -arch x86_64 -macosx_version_min 10.12.3 -weak_reference_mismatches non-weak -o a.out -L/usr/local/Cellar/gcc/7.2.0/lib/gcc/7/gcc/x86_64-apple-darwin16.7.0/7.2.0 -L/usr/local/Cellar/gcc/7.2.0/lib/gcc/7/gcc/x86_64-apple-darwin16.7.0/7.2.0/../../.. /var/folders/dp/zd9qp6fn0gx8401nnt2v7hnh0000gq/T//ccl9xeY9.o -lgfortran -no_compact_unwind -lSystem -lgcc_ext.10.5 -lgcc -lquadmath -lm -lgcc_ext.10.5 -lgcc -lSystem -v
@(#)PROGRAM:ld  PROJECT:ld64-274.1
configured to support archs: armv6 armv7 armv7s arm64 i386 x86_64 x86_64h armv6m armv7k armv7m armv7em (tvOS)
Library search paths:
	/usr/local/Cellar/gcc/7.2.0/lib/gcc/7/gcc/x86_64-apple-darwin16.7.0/7.2.0
	/usr/local/Cellar/gcc/7.2.0/lib/gcc/7
	/usr/lib
	/usr/local/lib
Framework search paths:
	/Library/Frameworks/
	/System/Library/Frameworks/
 /usr/bin/nm -n /var/folders/dp/zd9qp6fn0gx8401nnt2v7hnh0000gq/T//ccl9xeY9.o


Compilation of the Fortran compiler identification source "CMakeFortranCompilerId.F" produced "a.out"

The Fortran compiler identification is GNU, found in "/Users/bjoern/Documents/Oxford/Analysis/ks-cpv-in-ggsz-analyses/amplitude_calculations/HepMC-2.06.08/build_tmp/CMakeFiles/3.7.1/CompilerIdFortran/a.out"

